SF:lib/providers/genres_provider.dart
DA:1,3
LF:1
LH:1
end_of_record
SF:lib/main.dart
DA:5,1
DA:6,1
DA:10,3
DA:12,2
DA:14,2
DA:16,4
DA:18,2
LF:7
LH:7
end_of_record
SF:lib/screens/auth.dart
DA:12,3
DA:14,2
DA:16,2
DA:31,1
DA:32,1
DA:39,0
DA:40,0
DA:41,0
DA:42,0
DA:48,0
DA:49,0
DA:50,0
DA:51,0
DA:52,0
DA:57,0
DA:58,0
DA:59,0
DA:60,0
DA:65,0
DA:66,0
DA:67,0
DA:68,0
DA:73,0
DA:74,0
DA:75,0
DA:76,0
DA:79,0
DA:80,0
DA:81,0
DA:84,1
DA:85,3
DA:86,1
DA:92,0
DA:94,0
DA:97,0
DA:98,0
DA:99,0
DA:100,0
DA:101,0
DA:103,0
DA:104,0
DA:106,0
DA:107,0
DA:109,0
DA:110,0
DA:111,0
DA:112,0
DA:114,0
DA:117,0
DA:119,0
DA:121,0
DA:122,0
DA:126,0
DA:132,0
DA:136,0
DA:137,0
DA:138,0
DA:139,0
DA:140,0
DA:141,0
DA:142,0
DA:143,0
DA:144,0
DA:148,0
DA:149,0
DA:151,0
DA:152,0
DA:153,0
DA:154,0
DA:156,0
DA:157,0
DA:158,0
DA:164,0
DA:165,0
DA:166,0
DA:167,0
DA:168,0
DA:169,0
DA:170,0
DA:171,0
DA:173,0
DA:176,0
DA:181,2
DA:183,2
DA:184,6
DA:185,2
DA:186,2
DA:187,2
DA:189,2
DA:190,2
DA:194,2
DA:196,2
DA:198,2
DA:199,2
DA:201,2
DA:202,2
DA:203,2
DA:205,2
DA:206,2
DA:207,2
DA:208,2
DA:213,1
DA:214,2
DA:220,0
DA:221,0
DA:225,2
DA:226,2
DA:227,2
DA:232,1
DA:233,2
DA:239,0
DA:240,0
DA:244,2
DA:249,1
DA:250,2
DA:256,0
DA:257,0
DA:260,2
DA:265,1
DA:266,1
DA:270,3
DA:276,0
DA:277,0
DA:281,2
DA:282,2
DA:283,2
DA:284,2
DA:285,2
DA:286,2
DA:287,4
DA:289,2
DA:291,1
DA:292,2
DA:293,2
DA:296,4
LF:135
LH:53
end_of_record
SF:lib/models/book.dart
DA:10,0
DA:20,0
DA:22,0
DA:23,0
DA:25,0
DA:26,0
DA:27,0
DA:28,0
DA:29,0
DA:30,0
DA:31,0
DA:33,0
DA:34,0
LF:13
LH:0
end_of_record
SF:lib/screens/preferences.dart
DA:11,2
DA:13,0
DA:15,0
DA:26,0
DA:27,0
DA:28,0
DA:29,0
DA:30,0
DA:33,0
DA:34,0
DA:41,0
DA:42,0
DA:43,0
DA:53,0
DA:56,0
DA:59,0
DA:60,0
DA:61,0
DA:63,0
DA:65,0
DA:68,0
DA:70,0
DA:77,0
DA:78,0
DA:79,0
DA:91,0
DA:93,0
DA:94,0
DA:95,0
DA:96,0
DA:101,0
DA:103,0
DA:104,0
DA:105,0
DA:107,0
DA:109,0
DA:110,0
DA:115,0
DA:116,0
DA:119,0
DA:120,0
DA:123,0
DA:124,0
DA:125,0
DA:130,0
DA:131,0
DA:132,0
DA:133,0
DA:134,0
DA:137,0
DA:139,0
DA:141,0
DA:142,0
DA:143,0
DA:144,0
DA:145,0
DA:146,0
DA:147,0
DA:148,0
DA:149,0
DA:151,0
DA:153,0
DA:165,0
DA:167,0
DA:169,0
DA:170,0
DA:171,0
DA:172,0
DA:173,0
DA:174,0
DA:175,0
LF:71
LH:1
end_of_record
SF:lib/screens/camera.dart
DA:10,2
DA:12,0
DA:14,0
DA:22,0
DA:23,0
DA:30,0
DA:31,0
DA:33,0
DA:35,0
DA:36,0
DA:38,0
DA:40,0
DA:41,0
DA:42,0
DA:46,0
DA:47,0
DA:49,0
DA:50,0
DA:51,0
DA:56,0
DA:57,0
DA:58,0
DA:60,0
DA:62,0
DA:64,0
DA:69,0
DA:70,0
DA:71,0
DA:73,0
DA:75,0
DA:77,0
DA:82,0
DA:83,0
DA:84,0
DA:88,0
DA:89,0
DA:92,0
DA:95,0
DA:98,0
DA:99,0
DA:102,0
DA:103,0
DA:104,0
DA:105,0
DA:108,0
DA:109,0
DA:112,0
DA:113,0
DA:117,0
DA:119,0
DA:120,0
DA:124,0
DA:125,0
DA:134,0
DA:136,0
DA:138,0
DA:139,0
DA:141,0
DA:144,0
DA:147,0
DA:148,0
DA:150,0
DA:151,0
DA:152,0
DA:154,0
DA:157,0
DA:159,0
LF:67
LH:1
end_of_record
SF:lib/screens/book_details.dart
DA:7,0
DA:9,0
DA:11,0
DA:12,0
DA:15,0
DA:16,0
LF:6
LH:0
end_of_record
SF:lib/screens/results.dart
DA:8,0
DA:10,0
DA:12,0
DA:13,0
DA:16,0
DA:17,0
DA:18,0
DA:19,0
DA:20,0
DA:21,0
DA:23,0
DA:24,0
DA:28,0
DA:30,0
DA:32,0
DA:33,0
DA:34,0
DA:37,0
DA:38,0
DA:40,0
DA:44,0
DA:45,0
DA:47,0
DA:48,0
DA:49,0
DA:55,0
DA:56,0
DA:57,0
DA:59,0
DA:60,0
DA:61,0
DA:62,0
DA:64,0
LF:33
LH:0
end_of_record
SF:lib/utils/preferences_helper.dart
DA:3,1
DA:4,1
DA:5,1
LF:3
LH:3
end_of_record
SF:lib/utils/snackbar_helper.dart
DA:3,1
DA:4,2
DA:5,1
DA:6,1
DA:12,1
DA:13,2
DA:14,1
DA:15,1
DA:16,3
LF:9
LH:9
end_of_record
SF:lib/utils/theme_helper.dart
DA:3,1
DA:4,2
LF:2
LH:2
end_of_record
